Using pre-set license
Built from '2021.3/staging' branch; Version is '2021.3.34f1 (25266724e7bd) revision 2434663'; Using compiler version '192829333'; Build Type 'Release'
OS: 'Windows 11  (10.0.22631) 64bit Core' Language: 'en' Physical Memory: 16068 MB
BatchMode: 1, IsHumanControllingUs: 0, StartBugReporterOnCrash: 0, Is64bit: 1, IsPro: 1

COMMAND LINE ARGUMENTS:
C:\Program Files\Unity 2021.3.34f1\Editor\Unity.exe
-adb2
-batchMode
-noUpm
-name
AssetImportWorker0
-projectPath
C:/Users/NeckFace/My project
-logFile
Logs/AssetImportWorker0.log
-srvPort
50193
Successfully changed project path to: C:/Users/NeckFace/My project
C:/Users/NeckFace/My project
[UnityMemory] Configuration Parameters - Can be set up in boot.config
    "memorysetup-bucket-allocator-granularity=16"
    "memorysetup-bucket-allocator-bucket-count=8"
    "memorysetup-bucket-allocator-block-size=33554432"
    "memorysetup-bucket-allocator-block-count=8"
    "memorysetup-main-allocator-block-size=16777216"
    "memorysetup-thread-allocator-block-size=16777216"
    "memorysetup-gfx-main-allocator-block-size=16777216"
    "memorysetup-gfx-thread-allocator-block-size=16777216"
    "memorysetup-cache-allocator-block-size=4194304"
    "memorysetup-typetree-allocator-block-size=2097152"
    "memorysetup-profiler-bucket-allocator-granularity=16"
    "memorysetup-profiler-bucket-allocator-bucket-count=8"
    "memorysetup-profiler-bucket-allocator-block-size=33554432"
    "memorysetup-profiler-bucket-allocator-block-count=8"
    "memorysetup-profiler-allocator-block-size=16777216"
    "memorysetup-profiler-editor-allocator-block-size=1048576"
    "memorysetup-temp-allocator-size-main=16777216"
    "memorysetup-job-temp-allocator-block-size=2097152"
    "memorysetup-job-temp-allocator-block-size-background=1048576"
    "memorysetup-job-temp-allocator-reduction-small-platforms=262144"
    "memorysetup-temp-allocator-size-background-worker=32768"
    "memorysetup-temp-allocator-size-job-worker=262144"
    "memorysetup-temp-allocator-size-preload-manager=33554432"
    "memorysetup-temp-allocator-size-nav-mesh-worker=65536"
    "memorysetup-temp-allocator-size-audio-worker=65536"
    "memorysetup-temp-allocator-size-cloud-worker=32768"
    "memorysetup-temp-allocator-size-gi-baking-worker=262144"
    "memorysetup-temp-allocator-size-gfx=262144"
Player connection [24256] Host "[IP] 192.168.60.131 [Port] 0 [Flags] 2 [Guid] 1476615248 [EditorId] 1476615248 [Version] 1048832 [Id] WindowsEditor(7,DESKTOP-4SF30J4) [Debug] 1 [PackageName] WindowsEditor [ProjectName] Editor" joined multi-casting on [225.0.0.222:54997]...

Player connection [24256] Host "[IP] 192.168.60.131 [Port] 0 [Flags] 2 [Guid] 1476615248 [EditorId] 1476615248 [Version] 1048832 [Id] WindowsEditor(7,DESKTOP-4SF30J4) [Debug] 1 [PackageName] WindowsEditor [ProjectName] Editor" joined alternative multi-casting on [225.0.0.222:34997]...

[Physics::Module] Initialized MultithreadedJobDispatcher with {0} workers.
Refreshing native plugins compatible for Editor in 62.16 ms, found 3 plugins.
Preloading 0 native plugins for Editor in 0.00 ms.
Initialize engine version: 2021.3.34f1 (25266724e7bd)
[Subsystems] Discovering subsystems at path C:/Program Files/Unity 2021.3.34f1/Editor/Data/Resources/UnitySubsystems
[Subsystems] Discovering subsystems at path C:/Users/NeckFace/My project/Assets
GfxDevice: creating device client; threaded=0; jobified=0
Direct3D:
    Version:  Direct3D 11.0 [level 11.1]
    Renderer: NVIDIA GeForce RTX 3070 Ti Laptop GPU (ID=0x24e0)
    Vendor:   NVIDIA
    VRAM:     8018 MB
    Driver:   32.0.15.5597
Initialize mono
Mono path[0] = 'C:/Program Files/Unity 2021.3.34f1/Editor/Data/Managed'
Mono path[1] = 'C:/Program Files/Unity 2021.3.34f1/Editor/Data/MonoBleedingEdge/lib/mono/unityjit-win32'
Mono config path = 'C:/Program Files/Unity 2021.3.34f1/Editor/Data/MonoBleedingEdge/etc'
Using monoOptions --debugger-agent=transport=dt_socket,embedding=1,server=y,suspend=n,address=127.0.0.1:56824
Begin MonoManager ReloadAssembly
Registering precompiled unity dll's ...
Register platform support module: C:/Program Files/Unity 2021.3.34f1/Editor/Data/PlaybackEngines/WindowsStandaloneSupport/UnityEditor.WindowsStandalone.Extensions.dll
Registered in 0.001894 seconds.
Native extension for WindowsStandalone target not found
Refreshing native plugins compatible for Editor in 48.96 ms, found 3 plugins.
Preloading 0 native plugins for Editor in 0.00 ms.
Mono: successfully reloaded assembly
- Completed reload, in  0.466 seconds
Domain Reload Profiling:
	ReloadAssembly (467ms)
		BeginReloadAssembly (71ms)
			ExecutionOrderSort (0ms)
			DisableScriptedObjects (0ms)
			BackupInstance (0ms)
			ReleaseScriptingObjects (0ms)
			CreateAndSetChildDomain (1ms)
		EndReloadAssembly (331ms)
			LoadAssemblies (68ms)
			RebuildTransferFunctionScriptingTraits (0ms)
			SetupTypeCache (75ms)
			ReleaseScriptCaches (0ms)
			RebuildScriptCaches (20ms)
			SetupLoadedEditorAssemblies (207ms)
				LogAssemblyErrors (0ms)
				InitializePlatformSupportModulesInManaged (5ms)
				SetLoadedEditorAssemblies (0ms)
				RefreshPlugins (49ms)
				BeforeProcessingInitializeOnLoad (1ms)
				ProcessInitializeOnLoadAttributes (114ms)
				ProcessInitializeOnLoadMethodAttributes (37ms)
				AfterProcessingInitializeOnLoad (0ms)
				EditorAssembliesLoaded (0ms)
			ExecutionOrderSort2 (0ms)
			AwakeInstancesAfterBackupRestoration (0ms)
Platform modules already initialized, skipping
Registering precompiled user dll's ...
Registered in 0.002902 seconds.
Begin MonoManager ReloadAssembly
Native extension for WindowsStandalone target not found
Refreshing native plugins compatible for Editor in 0.56 ms, found 3 plugins.
Preloading 0 native plugins for Editor in 0.00 ms.
Package Manager log level set to [2]
[Package Manager] Server::EnsureServerProcessIsRunning -- launch failed, reason: Unity was launched with the -noUpm command-line argument
[Package Manager] Cannot connect to Unity Package Manager local server
Mono: successfully reloaded assembly
- Completed reload, in  1.184 seconds
Domain Reload Profiling:
	ReloadAssembly (1184ms)
		BeginReloadAssembly (104ms)
			ExecutionOrderSort (0ms)
			DisableScriptedObjects (4ms)
			BackupInstance (0ms)
			ReleaseScriptingObjects (0ms)
			CreateAndSetChildDomain (21ms)
		EndReloadAssembly (980ms)
			LoadAssemblies (74ms)
			RebuildTransferFunctionScriptingTraits (0ms)
			SetupTypeCache (215ms)
			ReleaseScriptCaches (0ms)
			RebuildScriptCaches (38ms)
			SetupLoadedEditorAssemblies (643ms)
				LogAssemblyErrors (0ms)
				InitializePlatformSupportModulesInManaged (4ms)
				SetLoadedEditorAssemblies (1ms)
				RefreshPlugins (1ms)
				BeforeProcessingInitializeOnLoad (54ms)
				ProcessInitializeOnLoadAttributes (564ms)
				ProcessInitializeOnLoadMethodAttributes (16ms)
				AfterProcessingInitializeOnLoad (4ms)
				EditorAssembliesLoaded (0ms)
			ExecutionOrderSort2 (0ms)
			AwakeInstancesAfterBackupRestoration (5ms)
Platform modules already initialized, skipping
========================================================================
Worker process is ready to serve import requests
Launched and connected shader compiler UnityShaderCompiler.exe after 0.05 seconds
Refreshing native plugins compatible for Editor in 0.90 ms, found 3 plugins.
Preloading 0 native plugins for Editor in 0.00 ms.
Unloading 3068 Unused Serialized files (Serialized files now loaded: 0)
Unloading 23 unused Assets / (46.8 KB). Loaded Objects now: 3528.
Memory consumption went from 108.5 MB to 108.4 MB.
Total: 2.779700 ms (FindLiveObjects: 0.292700 ms CreateObjectMapping: 0.101600 ms MarkObjects: 2.325000 ms  DeleteObjects: 0.058900 ms)

AssetImportParameters requested are different than current active one (requested -> active):
  custom:video-decoder-ogg-theora: a1e56fd34408186e4bbccfd4996cb3dc -> 
  custom:container-muxer-webm: aa71ff27fc2769a1b78a27578f13a17b -> 
  custom:container-demuxer-webm: 4f35f7cbe854078d1ac9338744f61a02 -> 
  custom:video-encoder-webm-vp8: eb34c28f22e8b96e1ab97ce403110664 -> 
  custom:video-codec-MediaFoundation-h265: 746d11721c4dcdbdad8f713fa42b33f4 -> 
  custom:CustomObjectIndexerAttribute: bc11b3a6c3213fcdd17b65e7da85e133 -> 
  custom:audio-encoder-webm-vorbis: bf7c407c2cedff20999df2af8eb42d56 -> 
  custom:framework-win-MediaFoundation: 216162199b28c13a410421893ffa2e32 -> 
  custom:SearchIndexIgnoredProperties: e643bd26f0fe6173181afceb89e7c659 -> 
  custom:container-demuxer-ogg: 62fdf1f143b41e24485cea50d1cbac27 -> 
  custom:video-decoder-webm-vp8: 9c59270c3fd7afecdb556c50c9e8de78 -> 
  custom:audio-decoder-ogg-vorbis: bf7c407c2cedff20999df2af8eb42d56 -> 
========================================================================
Received Import Request.
  Time since last request: 3748.228803 seconds.
  path: Assets/Free Low Poly Vehicle/Pefabs/Ballon_3.prefab
  artifactKey: Guid(6a40d54f95031d94d9c53e7d6d3d35f7) Importer(815301076,1909f56bfc062723c751e8b465ee728b)
Number of updated assets reloaded before import = 0
Start importing Assets/Free Low Poly Vehicle/Pefabs/Ballon_3.prefab using Guid(6a40d54f95031d94d9c53e7d6d3d35f7) Importer(815301076,1909f56bfc062723c751e8b465ee728b)  -> (artifact id: '9d84e6077e742ba3c8fbd20807100df8') in 0.209850 seconds 
Number of asset objects unloaded after import = 10
========================================================================
Received Import Request.
  Time since last request: 0.000028 seconds.
  path: Assets/Free Low Poly Vehicle/Pefabs/Air Plane Z_3.prefab
  artifactKey: Guid(1a32a824c4377074a8ba30c9e65d088e) Importer(815301076,1909f56bfc062723c751e8b465ee728b)
Number of updated assets reloaded before import = 0
Start importing Assets/Free Low Poly Vehicle/Pefabs/Air Plane Z_3.prefab using Guid(1a32a824c4377074a8ba30c9e65d088e) Importer(815301076,1909f56bfc062723c751e8b465ee728b)  -> (artifact id: '618a3abd53a93c4215c45131d2d755c4') in 0.019998 seconds 
Number of asset objects unloaded after import = 15
========================================================================
Received Import Request.
  Time since last request: 0.000081 seconds.
  path: Assets/Free Low Poly Vehicle/Pefabs/Muscle Car_7.prefab
  artifactKey: Guid(dea15e7b245dfa9459c502c1b0d525ed) Importer(815301076,1909f56bfc062723c751e8b465ee728b)
Number of updated assets reloaded before import = 0
Start importing Assets/Free Low Poly Vehicle/Pefabs/Muscle Car_7.prefab using Guid(dea15e7b245dfa9459c502c1b0d525ed) Importer(815301076,1909f56bfc062723c751e8b465ee728b)  -> (artifact id: '9e12236432afcde1b44a0bb6ab3b71db') in 0.023673 seconds 
Number of asset objects unloaded after import = 32
========================================================================
Received Import Request.
  Time since last request: 0.000019 seconds.
  path: Assets/Free Low Poly Vehicle/Pefabs/Boat_A37.prefab
  artifactKey: Guid(49599fe4484977a488ca085c7e035560) Importer(815301076,1909f56bfc062723c751e8b465ee728b)
Number of updated assets reloaded before import = 0
Start importing Assets/Free Low Poly Vehicle/Pefabs/Boat_A37.prefab using Guid(49599fe4484977a488ca085c7e035560) Importer(815301076,1909f56bfc062723c751e8b465ee728b)  -> (artifact id: 'bd5f95a965d0555259ba745ebabc8c1a') in 0.032596 seconds 
Number of asset objects unloaded after import = 22
========================================================================
Received Import Request.
  Time since last request: 0.000029 seconds.
  path: Assets/Free Low Poly Vehicle/Pefabs/Simple Car_9.prefab
  artifactKey: Guid(eb9208e05f52d744ab3a64ed4f61a538) Importer(815301076,1909f56bfc062723c751e8b465ee728b)
Number of updated assets reloaded before import = 0
Start importing Assets/Free Low Poly Vehicle/Pefabs/Simple Car_9.prefab using Guid(eb9208e05f52d744ab3a64ed4f61a538) Importer(815301076,1909f56bfc062723c751e8b465ee728b)  -> (artifact id: 'cd4957c97cc3d2b642f23c61586080b0') in 0.028954 seconds 
Number of asset objects unloaded after import = 32
========================================================================
Received Import Request.
  Time since last request: 0.000029 seconds.
  path: Assets/Free Low Poly Vehicle/Pefabs/Air Plane Zb_3.prefab
  artifactKey: Guid(d0d9a04af032c7c4fb0c1bfc48e52474) Importer(815301076,1909f56bfc062723c751e8b465ee728b)
Number of updated assets reloaded before import = 0
Start importing Assets/Free Low Poly Vehicle/Pefabs/Air Plane Zb_3.prefab using Guid(d0d9a04af032c7c4fb0c1bfc48e52474) Importer(815301076,1909f56bfc062723c751e8b465ee728b)  -> (artifact id: '75e0384b5bdf169ac9c67a66b8630b92') in 0.022204 seconds 
Number of asset objects unloaded after import = 28
========================================================================
Received Import Request.
  Time since last request: 0.000019 seconds.
  path: Assets/Free Low Poly Vehicle/Pefabs/Zeppelin_1.prefab
  artifactKey: Guid(9601afc16faef9147bd4d9886ac3f5c1) Importer(815301076,1909f56bfc062723c751e8b465ee728b)
Number of updated assets reloaded before import = 0
Start importing Assets/Free Low Poly Vehicle/Pefabs/Zeppelin_1.prefab using Guid(9601afc16faef9147bd4d9886ac3f5c1) Importer(815301076,1909f56bfc062723c751e8b465ee728b)  -> (artifact id: 'bd2219f01de86d3881d436be7df447cf') in 0.027774 seconds 
Number of asset objects unloaded after import = 10
========================================================================
Received Import Request.
  Time since last request: 0.000028 seconds.
  path: Assets/Free Low Poly Vehicle/Pefabs/Food Van_1.prefab
  artifactKey: Guid(c4c0319893dbe6944ac7b267fc16525a) Importer(815301076,1909f56bfc062723c751e8b465ee728b)
Number of updated assets reloaded before import = 0
Start importing Assets/Free Low Poly Vehicle/Pefabs/Food Van_1.prefab using Guid(c4c0319893dbe6944ac7b267fc16525a) Importer(815301076,1909f56bfc062723c751e8b465ee728b)  -> (artifact id: '94965744301c586d0094d7788e566115') in 0.027242 seconds 
Number of asset objects unloaded after import = 32
========================================================================
Received Import Request.
  Time since last request: 0.000023 seconds.
  path: Assets/Free Low Poly Vehicle/Pefabs/Bike_1.prefab
  artifactKey: Guid(5afe973f63ed70944a553311d43ebd81) Importer(815301076,1909f56bfc062723c751e8b465ee728b)
Number of updated assets reloaded before import = 0
Start importing Assets/Free Low Poly Vehicle/Pefabs/Bike_1.prefab using Guid(5afe973f63ed70944a553311d43ebd81) Importer(815301076,1909f56bfc062723c751e8b465ee728b)  -> (artifact id: '0c69fbc6abb999dd5cbfd70b53b1d78e') in 0.018341 seconds 
Number of asset objects unloaded after import = 40
========================================================================
Received Import Request.
  Time since last request: 0.000027 seconds.
  path: Assets/Free Low Poly Vehicle/Pefabs/Pick Up_5.prefab
  artifactKey: Guid(67fce6ff401be7942a73aeae5f52acf3) Importer(815301076,1909f56bfc062723c751e8b465ee728b)
Number of updated assets reloaded before import = 0
Start importing Assets/Free Low Poly Vehicle/Pefabs/Pick Up_5.prefab using Guid(67fce6ff401be7942a73aeae5f52acf3) Importer(815301076,1909f56bfc062723c751e8b465ee728b)  -> (artifact id: 'a211cd989293cfde6b754c2fb400a164') in 0.025059 seconds 
Number of asset objects unloaded after import = 32
========================================================================
Received Import Request.
  Time since last request: 0.000022 seconds.
  path: Assets/Free Low Poly Vehicle/Pefabs/Simple Car_2.prefab
  artifactKey: Guid(99ee31fab8b899c4c87f881a5d4559c6) Importer(815301076,1909f56bfc062723c751e8b465ee728b)
Number of updated assets reloaded before import = 0
Start importing Assets/Free Low Poly Vehicle/Pefabs/Simple Car_2.prefab using Guid(99ee31fab8b899c4c87f881a5d4559c6) Importer(815301076,1909f56bfc062723c751e8b465ee728b)  -> (artifact id: '97db33ebe1383345ce2d7129bf0515ea') in 0.028141 seconds 
Number of asset objects unloaded after import = 32
========================================================================
Received Import Request.
  Time since last request: 0.000029 seconds.
  path: Assets/Free Low Poly Vehicle/Pefabs/Warship_1.prefab
  artifactKey: Guid(aeaa2bc00863f4c4e8d6378ef51e8904) Importer(815301076,1909f56bfc062723c751e8b465ee728b)
Number of updated assets reloaded before import = 0
Start importing Assets/Free Low Poly Vehicle/Pefabs/Warship_1.prefab using Guid(aeaa2bc00863f4c4e8d6378ef51e8904) Importer(815301076,1909f56bfc062723c751e8b465ee728b)  -> (artifact id: 'f8d17c127e63cf9d4d062bc13751beea') in 0.029177 seconds 
Number of asset objects unloaded after import = 40
========================================================================
Received Import Request.
  Time since last request: 0.000045 seconds.
  path: Assets/Free Low Poly Vehicle/Pefabs/Lorry_12.prefab
  artifactKey: Guid(0748e0aebe4087e418fd7be8c4391d19) Importer(815301076,1909f56bfc062723c751e8b465ee728b)
Number of updated assets reloaded before import = 0
Start importing Assets/Free Low Poly Vehicle/Pefabs/Lorry_12.prefab using Guid(0748e0aebe4087e418fd7be8c4391d19) Importer(815301076,1909f56bfc062723c751e8b465ee728b)  -> (artifact id: '11ef3f20a789e80367e7b9ce7335b0d0') in 0.026682 seconds 
Number of asset objects unloaded after import = 42
Editor requested this worker to shutdown with reason: Scaling down because of idle timeout
AssetImportWorker is now disconnected from the server
Process exiting
Exiting without the bug reporter. Application will terminate with return code 0